No Pivotation
Gauss Forward, det 2.9999999999999987
Determinant: 0.000000e+00
Solution: 
[
   [2.000000,2.000000,1.000000,1.000000],
   [1.000000,-1.000000,2.000000,-1.000000],
   [3.000000,2.000000,-3.000000,-2.000000],
   [4.000000,3.000000,2.000000,1.000000]
]
[1.000000,2.000000,1.000000,0.000000]
=
[7.000000,1.000000,4.000000,12.000000]
Gauss_Test, Residual: 0.000000e+00
Partial Pivotation
Gauss Forward, det 1.0
Determinant: 0.000000e+00
Solution: 
[
   [1.000000,0.000000,0.000000,0.000000],
   [-0.000000,1.000000,0.000000,0.000000],
   [-0.000000,-0.000000,1.000000,0.000000],
   [0.000000,0.000000,0.000000,1.000000]
]
[1.000000,2.000000,1.000000,0.000000]
=
[1.000000,2.000000,1.000000,0.000000]
Gauss_Test, Residual: 0.000000e+00
