No Pivotation
Gauss_Forward_1: Matrix Singular at  1 x 1
[
   [1.000000,-0.666667,1.666667,0.333333],
   [0.000000,0.000000,2.000000,3.000000],
   [0.000000,0.000000,4.000000,-2.000000],
   [0.000000,0.000000,-16.000000,13.000000]
]
Gauss Forward, det 0.0
Determinant: 0.000000e+00
Solution: 
[
   [3.000000,-2.000000,5.000000,1.000000],
   [-6.000000,4.000000,-8.000000,1.000000],
   [9.000000,-6.000000,19.000000,1.000000],
   [6.000000,-4.000000,-6.000000,15.000000]
]
[2.333333,5.000000,2.000000,-3.000000]
=
[7.000000,-9.000000,23.000000,11.000000]
Gauss_Test, Residual: 2.657838e+00
Partial Pivotation
Gauss_Forward: Matrix Singular at  1 x 1
[
   [1.000000,-0.666667,1.666667,0.333333],
   [0.000000,0.000000,2.000000,3.000000],
   [0.000000,0.000000,4.000000,-2.000000],
   [0.000000,0.000000,-16.000000,13.000000]
]
Gauss Forward, det 0.0
Determinant: 0.000000e+00
Solution: 
[
   [1.000000,-0.666667,1.666667,0.333333],
   [0.000000,0.000000,2.000000,3.000000],
   [0.000000,0.000000,4.000000,-2.000000],
   [0.000000,0.000000,-16.000000,13.000000]
]
[2.333333,5.000000,2.000000,-3.000000]
=
[2.333333,5.000000,2.000000,-3.000000]
Gauss_Test, Residual: 1.058651e+01
