No Pivotation
Gauss Forward, det -7.280000000000104e-05
Determinant: 0.000000e+00
Solution: 
[
   [0.252000,0.350000,0.120000],
   [0.112000,0.160000,0.240000],
   [0.147000,0.210000,0.250000]
]
[-164.835165,130.769231,23.076923]
=
[7.000000,8.000000,9.000000]
Gauss_Test, Residual: 4.277654e-16
Partial Pivotation
Gauss Forward, det 1.0000000000000004
Determinant: 0.000000e+00
Solution: 
[
   [1.000000,-0.000000,0.000000],
   [0.000000,1.000000,0.000000],
   [-0.000000,-0.000000,1.000000]
]
[-164.835165,130.769231,23.076923]
=
[-164.835165,130.769231,23.076923]
Gauss_Test, Residual: 0.000000e+00
