A=
[
   [1.000000,2.000000,4.000000,8.000000],
   [1.000000,3.000000,9.000000,27.000000],
   [1.000000,4.000000,16.000000,64.000000],
   [1.000000,1.500000,2.250000,3.375000]
]
No Pivotation
Gauss Forward, det -3.75
Determinant: 0.000000e+00
Solution: 
[
   [1.000000,2.000000,4.000000,8.000000],
   [1.000000,3.000000,9.000000,27.000000],
   [1.000000,4.000000,16.000000,64.000000],
   [1.000000,1.500000,2.250000,3.375000]
]
[-65.400000,77.266667,-26.400000,2.933333]
=
[7.000000,8.000000,9.000000,1.000000]
Gauss_Test, Residual: 2.289736e-15
Partial Pivotation
Gauss Forward, det 1.0
Determinant: 0.000000e+00
Solution: 
[
   [1.000000,0.000000,0.000000,0.000000],
   [0.000000,1.000000,0.000000,0.000000],
   [0.000000,0.000000,1.000000,0.000000],
   [-0.000000,-0.000000,-0.000000,1.000000]
]
[-65.400000,77.266667,-26.400000,2.933333]
=
[-65.400000,77.266667,-26.400000,2.933333]
Gauss_Test, Residual: 0.000000e+00
