\begin{small}
\begin{center}\textbf{Gauss Jacobi:}\end{center}
\[
   \underline{\underline{A}}~\underline{x}=
      \begin{pmatrix}
         5.000 & 1.000 & 1.000\\
         3.000 & 4.000 & 1.000\\
         3.000 & 3.000 & 6.000\\
      \end{pmatrix}
      \underline{x}=
      \begin{pmatrix}
      5.000 \\ 6.000 \\ 0.000
      \end{pmatrix}
   =\underline{b}
\]
Iterations:
\[
   \underline{x}_{i+1}=\underline{\underline{C}}~\underline{x}_i+\underline{g},
\]
Where:
\[
      \underline{\underline{C}}=
      \begin{pmatrix}
         0.000 & -0.200 & -0.200\\
         -0.750 & 0.000 & -0.250\\
         -0.500 & -0.500 & 0.000\\
      \end{pmatrix}
      ;\qquad
      \underline{g}=
      \begin{pmatrix}
      1.000 \\ 1.500 \\ 0.000
      \end{pmatrix}
      ;\qquad
      \underline{x_0}=
      \begin{pmatrix}
      0.000 \\ 0.000 \\ 0.000
      \end{pmatrix}
\]
Diagonally dominant: No
\[
      \underline{\alpha}=
      \begin{pmatrix}
      0.400 \\ 1.000 \\ 1.000
      \end{pmatrix}
      ;\qquad
   ||\underline{\alpha}||=1.000000
\]
Iteration 0:
\[
\underline{x}_{0}=
   \begin{pmatrix}
   0.000 \\ 0.000 \\ 0.000
   \end{pmatrix}
;~~
\underline{r}_{0}=
\underline{\underline{A}}~\underline{x}_{0}-
\underline{b}=
   \begin{pmatrix}
   -5.00E+00 \\ -6.00E+00 \\ 0.00E+00
   \end{pmatrix}
;~~
||
\underline{r}_{0}
||=
1.00E+00
;~~
\]
Iteration 1:
\[
\underline{x}_{1}=
   \begin{pmatrix}
   1.000 \\ 0.750 \\ -0.875
   \end{pmatrix}
;~~
\underline{r}_{1}=
\underline{\underline{A}}~\underline{x}_{1}-
\underline{b}=
   \begin{pmatrix}
   -1.25E-01 \\ -8.75E-01 \\ 0.00E+00
   \end{pmatrix}
;~~
||
\underline{r}_{1}
||=
1.46E-01
;~~
\]
\[
\underline{d}_{1}=
\underline{x}_{1}-
\underline{x}_{0}=
   \begin{pmatrix}
   1.00E+00 \\ 7.50E-01 \\ -8.75E-01
   \end{pmatrix}
;~~
||
\underline{d}_{1}
||=
0.00E+00
\]
Iteration 2:
\[
\underline{x}_{2}=
   \begin{pmatrix}
   1.025 \\ 0.950 \\ -0.988
   \end{pmatrix}
;~~
\underline{r}_{2}=
\underline{\underline{A}}~\underline{x}_{2}-
\underline{b}=
   \begin{pmatrix}
   8.75E-02 \\ -1.12E-01 \\ -8.88E-16
   \end{pmatrix}
;~~
||
\underline{r}_{2}
||=
1.87E-02
;~~
\]
\[
\underline{d}_{2}=
\underline{x}_{2}-
\underline{x}_{1}=
   \begin{pmatrix}
   2.50E-02 \\ 2.00E-01 \\ -1.13E-01
   \end{pmatrix}
;~~
||
\underline{d}_{2}
||=
2.00E-01
\]
Iteration 3:
\[
\underline{x}_{3}=
   \begin{pmatrix}
   1.007 \\ 0.991 \\ -0.999
   \end{pmatrix}
;~~
\underline{r}_{3}=
\underline{\underline{A}}~\underline{x}_{3}-
\underline{b}=
   \begin{pmatrix}
   2.94E-02 \\ -1.19E-02 \\ 0.00E+00
   \end{pmatrix}
;~~
||
\underline{r}_{3}
||=
4.90E-03
;~~
\]
\[
\underline{d}_{3}=
\underline{x}_{3}-
\underline{x}_{2}=
   \begin{pmatrix}
   -1.75E-02 \\ 4.13E-02 \\ -1.19E-02
   \end{pmatrix}
;~~
||
\underline{d}_{3}
||=
4.02E-02
\]
Iteration 4:
\[
\underline{x}_{4}=
   \begin{pmatrix}
   1.002 \\ 0.999 \\ -1.000
   \end{pmatrix}
;~~
\underline{r}_{4}=
\underline{\underline{A}}~\underline{x}_{4}-
\underline{b}=
   \begin{pmatrix}
   6.62E-03 \\ -7.50E-04 \\ 0.00E+00
   \end{pmatrix}
;~~
||
\underline{r}_{4}
||=
1.10E-03
;~~
\]
\[
\underline{d}_{4}=
\underline{x}_{4}-
\underline{x}_{3}=
   \begin{pmatrix}
   -5.87E-03 \\ 7.37E-03 \\ -7.50E-04
   \end{pmatrix}
;~~
||
\underline{d}_{4}
||=
7.32E-03
\]
Iteration 5:
\[
\underline{x}_{5}=
   \begin{pmatrix}
   1.000 \\ 1.000 \\ -1.000
   \end{pmatrix}
;~~
\underline{r}_{5}=
\underline{\underline{A}}~\underline{x}_{5}-
\underline{b}=
   \begin{pmatrix}
   1.25E-03 \\ 7.19E-05 \\ 0.00E+00
   \end{pmatrix}
;~~
||
\underline{r}_{5}
||=
2.09E-04
;~~
\]
\[
\underline{d}_{5}=
\underline{x}_{5}-
\underline{x}_{4}=
   \begin{pmatrix}
   -1.33E-03 \\ 1.18E-03 \\ 7.19E-05
   \end{pmatrix}
;~~
||
\underline{d}_{5}
||=
1.32E-03
\]
Iteration 6:
\[
\underline{x}_{6}=
   \begin{pmatrix}
   1.000 \\ 1.000 \\ -1.000
   \end{pmatrix}
;~~
\underline{r}_{6}=
\underline{\underline{A}}~\underline{x}_{6}-
\underline{b}=
   \begin{pmatrix}
   2.10E-04 \\ 4.03E-05 \\ -8.88E-16
   \end{pmatrix}
;~~
||
\underline{r}_{6}
||=
3.51E-05
;~~
\]
\[
\underline{d}_{6}=
\underline{x}_{6}-
\underline{x}_{5}=
   \begin{pmatrix}
   -2.51E-04 \\ 1.70E-04 \\ 4.03E-05
   \end{pmatrix}
;~~
||
\underline{d}_{6}
||=
2.51E-04
\]
Iteration 7:
\[
\underline{x}_{7}=
   \begin{pmatrix}
   1.000 \\ 1.000 \\ -1.000
   \end{pmatrix}
;~~
\underline{r}_{7}=
\underline{\underline{A}}~\underline{x}_{7}-
\underline{b}=
   \begin{pmatrix}
   3.18E-05 \\ 1.03E-05 \\ -8.88E-16
   \end{pmatrix}
;~~
||
\underline{r}_{7}
||=
5.29E-06
;~~
\]
\[
\underline{d}_{7}=
\underline{x}_{7}-
\underline{x}_{6}=
   \begin{pmatrix}
   -4.21E-05 \\ 2.15E-05 \\ 1.03E-05
   \end{pmatrix}
;~~
||
\underline{d}_{7}
||=
4.21E-05
\]
Iteration 8:
\[
\underline{x}_{8}=
   \begin{pmatrix}
   1.000 \\ 1.000 \\ -1.000
   \end{pmatrix}
;~~
\underline{r}_{8}=
\underline{\underline{A}}~\underline{x}_{8}-
\underline{b}=
   \begin{pmatrix}
   4.27E-06 \\ 2.08E-06 \\ 0.00E+00
   \end{pmatrix}
;~~
||
\underline{r}_{8}
||=
7.12E-07
;~~
\]
\[
\underline{d}_{8}=
\underline{x}_{8}-
\underline{x}_{7}=
   \begin{pmatrix}
   -6.35E-06 \\ 2.19E-06 \\ 2.08E-06
   \end{pmatrix}
;~~
||
\underline{d}_{8}
||=
6.35E-06
\]
Iteration 9:
\[
\underline{x}_{9}=
   \begin{pmatrix}
   1.000 \\ 1.000 \\ -1.000
   \end{pmatrix}
;~~
\underline{r}_{9}=
\underline{\underline{A}}~\underline{x}_{9}-
\underline{b}=
   \begin{pmatrix}
   4.87E-07 \\ 3.67E-07 \\ 8.88E-16
   \end{pmatrix}
;~~
||
\underline{r}_{9}
||=
8.12E-08
;~~
\]
\[
\underline{d}_{9}=
\underline{x}_{9}-
\underline{x}_{8}=
   \begin{pmatrix}
   -8.54E-07 \\ 1.20E-07 \\ 3.67E-07
   \end{pmatrix}
;~~
||
\underline{d}_{9}
||=
8.54E-07
\]
Convergence, 9 iterations: 8.5E-07<1.0E-06
\[
   \underline{\underline{A}}~\underline{x}^*-\underline{b}=
      \begin{pmatrix}
         5.000 & 1.000 & 1.000\\
         3.000 & 4.000 & 1.000\\
         3.000 & 3.000 & 6.000\\
      \end{pmatrix}
      \begin{pmatrix}
      1.000 \\ 1.000 \\ -1.000
      \end{pmatrix}
   -
      \begin{pmatrix}
      5.000 \\ 6.000 \\ 0.000
      \end{pmatrix}
   =
      \begin{pmatrix}
      0.000 \\ 0.000 \\ 0.000
      \end{pmatrix}
\]
\[
   \underline{x}^*=
      \begin{pmatrix}
      1.0E+00 \\ 1.0E+00 \\ -1.0E+00
      \end{pmatrix}
   ;\qquad
      \underline{r}=
      \begin{pmatrix}
      4.9E-07 \\ 3.7E-07 \\ 8.9E-16
      \end{pmatrix}
   ;\qquad
   ||r||=8.1E-08
\]
\end{small}
