\begin{small}
\textbf{LU with Factorization}
   \[
      \underline{\underline{A}}~
      =
         \begin{pmatrix}
            1.000 & 1.000 & 1.000 & 1.000 & 1.000 & 1.000\\
            6.000 & 5.000 & 4.000 & 3.000 & 2.000 & 1.000\\
            36.000 & 25.000 & 16.000 & 9.000 & 4.000 & 1.000\\
            216.000 & 125.000 & 64.000 & 27.000 & 8.000 & 1.000\\
            1296.000 & 625.000 & 256.000 & 81.000 & 16.000 & 1.000\\
            7776.000 & 3125.000 & 1024.000 & 243.000 & 32.000 & 1.000\\
         \end{pmatrix}
      ,\qquad
      \det{\underline{\underline{A}}~}=
      -34560.000000
   \]
      \begin{enumerate}
      \item
         Iteration $i=0$:

               $
               \underline{\underline{L}}_{0}
               =
               \underline{\underline{L}}'_{0,1}
               \underline{\underline{L}}'_{0,2}
               \underline{\underline{L}}'_{0,3}
               \underline{\underline{L}}'_{0,4}
               \underline{\underline{L}}'_{0,5}
               =
               $
                  \[
                        \begin{pmatrix}
                           1.000 & 0.000 & 0.000 & 0.000 & 0.000 & 0.000\\
                           0.167 & 1.000 & 0.000 & 0.000 & 0.000 & 0.000\\
                           0.000 & 0.000 & 1.000 & 0.000 & 0.000 & 0.000\\
                           0.000 & 0.000 & 0.000 & 1.000 & 0.000 & 0.000\\
                           0.000 & 0.000 & 0.000 & 0.000 & 1.000 & 0.000\\
                           0.000 & 0.000 & 0.000 & 0.000 & 0.000 & 1.000\\
                        \end{pmatrix}
                        *
                        \begin{pmatrix}
                           1.000 & 0.000 & 0.000 & 0.000 & 0.000 & 0.000\\
                           0.000 & 1.000 & 0.000 & 0.000 & 0.000 & 0.000\\
                           0.028 & 0.000 & 1.000 & 0.000 & 0.000 & 0.000\\
                           0.000 & 0.000 & 0.000 & 1.000 & 0.000 & 0.000\\
                           0.000 & 0.000 & 0.000 & 0.000 & 1.000 & 0.000\\
                           0.000 & 0.000 & 0.000 & 0.000 & 0.000 & 1.000\\
                        \end{pmatrix}
                        *
                  \]
                  \[
                        \begin{pmatrix}
                           1.000 & 0.000 & 0.000 & 0.000 & 0.000 & 0.000\\
                           0.000 & 1.000 & 0.000 & 0.000 & 0.000 & 0.000\\
                           0.000 & 0.000 & 1.000 & 0.000 & 0.000 & 0.000\\
                           0.005 & 0.000 & 0.000 & 1.000 & 0.000 & 0.000\\
                           0.000 & 0.000 & 0.000 & 0.000 & 1.000 & 0.000\\
                           0.000 & 0.000 & 0.000 & 0.000 & 0.000 & 1.000\\
                        \end{pmatrix}
                        *
                        \begin{pmatrix}
                           1.000 & 0.000 & 0.000 & 0.000 & 0.000 & 0.000\\
                           0.000 & 1.000 & 0.000 & 0.000 & 0.000 & 0.000\\
                           0.000 & 0.000 & 1.000 & 0.000 & 0.000 & 0.000\\
                           0.000 & 0.000 & 0.000 & 1.000 & 0.000 & 0.000\\
                           0.000 & 0.000 & 0.000 & 0.000 & 1.000 & 0.000\\
                           0.000 & 0.000 & 0.000 & 0.000 & 0.000 & 1.000\\
                        \end{pmatrix}
                        *
                  \]
                  \[
                        \begin{pmatrix}
                           1.000 & 0.000 & 0.000 & 0.000 & 0.000 & 0.000\\
                           0.000 & 1.000 & 0.000 & 0.000 & 0.000 & 0.000\\
                           0.000 & 0.000 & 1.000 & 0.000 & 0.000 & 0.000\\
                           0.000 & 0.000 & 0.000 & 1.000 & 0.000 & 0.000\\
                           0.000 & 0.000 & 0.000 & 0.000 & 1.000 & 0.000\\
                           0.001 & 0.000 & 0.000 & 0.000 & 0.000 & 1.000\\
                        \end{pmatrix}
                        =
                  \]
                  \[
                     \begin{pmatrix}
                        1.000 & 0.000 & 0.000 & 0.000 & 0.000 & 0.000\\
                        0.167 & 1.000 & 0.000 & 0.000 & 0.000 & 0.000\\
                        0.028 & 0.000 & 1.000 & 0.000 & 0.000 & 0.000\\
                        0.005 & 0.000 & 0.000 & 1.000 & 0.000 & 0.000\\
                        0.000 & 0.000 & 0.000 & 0.000 & 1.000 & 0.000\\
                        0.001 & 0.000 & 0.000 & 0.000 & 0.000 & 1.000\\
                     \end{pmatrix}
                  \]
               $
               \underline{\underline{P}}_{0}
               =
               $
               \[
                     \begin{pmatrix}
                        0.000 & 0.000 & 0.000 & 0.000 & 0.000 & 1.000\\
                        0.000 & 1.000 & 0.000 & 0.000 & 0.000 & 0.000\\
                        0.000 & 0.000 & 1.000 & 0.000 & 0.000 & 0.000\\
                        0.000 & 0.000 & 0.000 & 1.000 & 0.000 & 0.000\\
                        0.000 & 0.000 & 0.000 & 0.000 & 1.000 & 0.000\\
                        1.000 & 0.000 & 0.000 & 0.000 & 0.000 & 0.000\\
                     \end{pmatrix}
               \]
               $
               \underline{\underline{L}}_{0}
               =
               $
               \[
                     \begin{pmatrix}
                        1.000 & 0.000 & 0.000 & 0.000 & 0.000 & 0.000\\
                        0.001 & 1.000 & 0.000 & 0.000 & 0.000 & 0.000\\
                        0.005 & 0.000 & 1.000 & 0.000 & 0.000 & 0.000\\
                        0.028 & 0.000 & 0.000 & 1.000 & 0.000 & 0.000\\
                        0.167 & 0.000 & 0.000 & 0.000 & 1.000 & 0.000\\
                        0.000 & 0.000 & 0.000 & 0.000 & 0.000 & 1.000\\
                     \end{pmatrix}
               \]
               $
               \underline{\underline{U}}_{0}
               =
               $
               \[
                     \begin{pmatrix}
                        7776.000 & 3125.000 & 1024.000 & 243.000 & 32.000 & 1.000\\
                        0.000 & 2.589 & 3.210 & 2.812 & 1.975 & 0.999\\
                        0.000 & 10.532 & 11.259 & 7.875 & 3.852 & 0.995\\
                        0.000 & 38.194 & 35.556 & 20.250 & 7.111 & 0.972\\
                        0.000 & 104.167 & 85.333 & 40.500 & 10.667 & 0.833\\
                        0.000 & 0.598 & 0.868 & 0.969 & 0.996 & 1.000\\
                     \end{pmatrix}
               \]
               $
               \underline{\underline{A}}_{0}
               =
               \underline{\underline{L}}_{0}
               \underline{\underline{U}}_{0}
               =
               $
               \[
                     \begin{pmatrix}
                        1.000 & 0.000 & 0.000 & 0.000 & 0.000 & 0.000\\
                        0.001 & 1.000 & 0.000 & 0.000 & 0.000 & 0.000\\
                        0.005 & 0.000 & 1.000 & 0.000 & 0.000 & 0.000\\
                        0.028 & 0.000 & 0.000 & 1.000 & 0.000 & 0.000\\
                        0.167 & 0.000 & 0.000 & 0.000 & 1.000 & 0.000\\
                        0.000 & 0.000 & 0.000 & 0.000 & 0.000 & 1.000\\
                     \end{pmatrix}
                     \begin{pmatrix}
                        7776.000 & 3125.000 & 1024.000 & 243.000 & 32.000 & 1.000\\
                        0.000 & 2.589 & 3.210 & 2.812 & 1.975 & 0.999\\
                        0.000 & 10.532 & 11.259 & 7.875 & 3.852 & 0.995\\
                        0.000 & 38.194 & 35.556 & 20.250 & 7.111 & 0.972\\
                        0.000 & 104.167 & 85.333 & 40.500 & 10.667 & 0.833\\
                        0.000 & 0.598 & 0.868 & 0.969 & 0.996 & 1.000\\
                     \end{pmatrix}
                  =
               \]
               \[
                     \begin{pmatrix}
                        7776.000 & 3125.000 & 1024.000 & 243.000 & 32.000 & 1.000\\
                        6.000 & 5.000 & 4.000 & 3.000 & 2.000 & 1.000\\
                        36.000 & 25.000 & 16.000 & 9.000 & 4.000 & 1.000\\
                        216.000 & 125.000 & 64.000 & 27.000 & 8.000 & 1.000\\
                        1296.000 & 625.000 & 256.000 & 81.000 & 16.000 & 1.000\\
                        1.000 & 1.000 & 1.000 & 1.000 & 1.000 & 1.000\\
                     \end{pmatrix}
               \]
               $
               \underline{\underline{P}}_{0}
               \underline{\underline{A}}_{0}
               =
               $
               \[
                     \begin{pmatrix}
                        0.000 & 0.000 & 0.000 & 0.000 & 0.000 & 1.000\\
                        0.000 & 1.000 & 0.000 & 0.000 & 0.000 & 0.000\\
                        0.000 & 0.000 & 1.000 & 0.000 & 0.000 & 0.000\\
                        0.000 & 0.000 & 0.000 & 1.000 & 0.000 & 0.000\\
                        0.000 & 0.000 & 0.000 & 0.000 & 1.000 & 0.000\\
                        1.000 & 0.000 & 0.000 & 0.000 & 0.000 & 0.000\\
                     \end{pmatrix}
                     \begin{pmatrix}
                        7776.000 & 3125.000 & 1024.000 & 243.000 & 32.000 & 1.000\\
                        6.000 & 5.000 & 4.000 & 3.000 & 2.000 & 1.000\\
                        36.000 & 25.000 & 16.000 & 9.000 & 4.000 & 1.000\\
                        216.000 & 125.000 & 64.000 & 27.000 & 8.000 & 1.000\\
                        1296.000 & 625.000 & 256.000 & 81.000 & 16.000 & 1.000\\
                        1.000 & 1.000 & 1.000 & 1.000 & 1.000 & 1.000\\
                     \end{pmatrix}
                  =
               \]
               \[
                     \begin{pmatrix}
                        1.000 & 1.000 & 1.000 & 1.000 & 1.000 & 1.000\\
                        6.000 & 5.000 & 4.000 & 3.000 & 2.000 & 1.000\\
                        36.000 & 25.000 & 16.000 & 9.000 & 4.000 & 1.000\\
                        216.000 & 125.000 & 64.000 & 27.000 & 8.000 & 1.000\\
                        1296.000 & 625.000 & 256.000 & 81.000 & 16.000 & 1.000\\
                        7776.000 & 3125.000 & 1024.000 & 243.000 & 32.000 & 1.000\\
                     \end{pmatrix}
               \]
      \item
         Iteration $i=1$:

               $
               \underline{\underline{L}}_{1}
               =
               \underline{\underline{L}}'_{1,2}
               \underline{\underline{L}}'_{1,3}
               \underline{\underline{L}}'_{1,4}
               \underline{\underline{L}}'_{1,5}
               =
               $
                  \[
                        \begin{pmatrix}
                           1.000 & 0.000 & 0.000 & 0.000 & 0.000 & 0.000\\
                           0.000 & 1.000 & 0.000 & 0.000 & 0.000 & 0.000\\
                           0.000 & 0.367 & 1.000 & 0.000 & 0.000 & 0.000\\
                           0.000 & 0.000 & 0.000 & 1.000 & 0.000 & 0.000\\
                           0.000 & 0.000 & 0.000 & 0.000 & 1.000 & 0.000\\
                           0.000 & 0.000 & 0.000 & 0.000 & 0.000 & 1.000\\
                        \end{pmatrix}
                        *
                        \begin{pmatrix}
                           1.000 & 0.000 & 0.000 & 0.000 & 0.000 & 0.000\\
                           0.000 & 1.000 & 0.000 & 0.000 & 0.000 & 0.000\\
                           0.000 & 0.000 & 1.000 & 0.000 & 0.000 & 0.000\\
                           0.000 & 0.101 & 0.000 & 1.000 & 0.000 & 0.000\\
                           0.000 & 0.000 & 0.000 & 0.000 & 1.000 & 0.000\\
                           0.000 & 0.000 & 0.000 & 0.000 & 0.000 & 1.000\\
                        \end{pmatrix}
                        *
                  \]
                  \[
                        \begin{pmatrix}
                           1.000 & 0.000 & 0.000 & 0.000 & 0.000 & 0.000\\
                           0.000 & 1.000 & 0.000 & 0.000 & 0.000 & 0.000\\
                           0.000 & 0.000 & 1.000 & 0.000 & 0.000 & 0.000\\
                           0.000 & 0.000 & 0.000 & 1.000 & 0.000 & 0.000\\
                           0.000 & 0.006 & 0.000 & 0.000 & 1.000 & 0.000\\
                           0.000 & 0.000 & 0.000 & 0.000 & 0.000 & 1.000\\
                        \end{pmatrix}
                        *
                        \begin{pmatrix}
                           1.000 & 0.000 & 0.000 & 0.000 & 0.000 & 0.000\\
                           0.000 & 1.000 & 0.000 & 0.000 & 0.000 & 0.000\\
                           0.000 & 0.000 & 1.000 & 0.000 & 0.000 & 0.000\\
                           0.000 & 0.000 & 0.000 & 1.000 & 0.000 & 0.000\\
                           0.000 & 0.000 & 0.000 & 0.000 & 1.000 & 0.000\\
                           0.000 & 0.025 & 0.000 & 0.000 & 0.000 & 1.000\\
                        \end{pmatrix}
                        =
                  \]
                  \[
                     \begin{pmatrix}
                        1.000 & 0.000 & 0.000 & 0.000 & 0.000 & 0.000\\
                        0.000 & 1.000 & 0.000 & 0.000 & 0.000 & 0.000\\
                        0.000 & 0.367 & 1.000 & 0.000 & 0.000 & 0.000\\
                        0.000 & 0.101 & 0.000 & 1.000 & 0.000 & 0.000\\
                        0.000 & 0.006 & 0.000 & 0.000 & 1.000 & 0.000\\
                        0.000 & 0.025 & 0.000 & 0.000 & 0.000 & 1.000\\
                     \end{pmatrix}
                  \]
               $
               \underline{\underline{P}}_{1}
               =
               $
               \[
                     \begin{pmatrix}
                        0.000 & 0.000 & 0.000 & 0.000 & 0.000 & 1.000\\
                        0.000 & 0.000 & 0.000 & 0.000 & 1.000 & 0.000\\
                        0.000 & 0.000 & 1.000 & 0.000 & 0.000 & 0.000\\
                        0.000 & 0.000 & 0.000 & 1.000 & 0.000 & 0.000\\
                        0.000 & 1.000 & 0.000 & 0.000 & 0.000 & 0.000\\
                        1.000 & 0.000 & 0.000 & 0.000 & 0.000 & 0.000\\
                     \end{pmatrix}
               \]
               $
               \underline{\underline{L}}_{1}
               =
               $
               \[
                     \begin{pmatrix}
                        1.000 & 0.000 & 0.000 & 0.000 & 0.000 & 0.000\\
                        0.167 & 1.000 & 0.000 & 0.000 & 0.000 & 0.000\\
                        0.005 & 0.101 & 1.000 & 0.000 & 0.000 & 0.000\\
                        0.028 & 0.367 & 0.000 & 1.000 & 0.000 & 0.000\\
                        0.001 & 0.025 & 0.000 & 0.000 & 1.000 & 0.000\\
                        0.000 & 0.006 & 0.000 & 0.000 & 0.000 & 1.000\\
                     \end{pmatrix}
               \]
               $
               \underline{\underline{U}}_{1}
               =
               $
               \[
                     \begin{pmatrix}
                        7776.000 & 3125.000 & 1024.000 & 243.000 & 32.000 & 1.000\\
                        0.000 & 104.167 & 85.333 & 40.500 & 10.667 & 0.833\\
                        0.000 & 0.000 & 2.631 & 3.780 & 2.773 & 0.911\\
                        0.000 & 0.000 & 4.267 & 5.400 & 3.200 & 0.667\\
                        0.000 & 0.000 & 1.089 & 1.806 & 1.710 & 0.979\\
                        0.000 & 0.000 & 0.378 & 0.736 & 0.935 & 0.995\\
                     \end{pmatrix}
               \]
               $
               \underline{\underline{A}}_{1}
               =
               \underline{\underline{L}}_{1}
               \underline{\underline{U}}_{1}
               =
               $
               \[
                     \begin{pmatrix}
                        1.000 & 0.000 & 0.000 & 0.000 & 0.000 & 0.000\\
                        0.167 & 1.000 & 0.000 & 0.000 & 0.000 & 0.000\\
                        0.005 & 0.101 & 1.000 & 0.000 & 0.000 & 0.000\\
                        0.028 & 0.367 & 0.000 & 1.000 & 0.000 & 0.000\\
                        0.001 & 0.025 & 0.000 & 0.000 & 1.000 & 0.000\\
                        0.000 & 0.006 & 0.000 & 0.000 & 0.000 & 1.000\\
                     \end{pmatrix}
                     \begin{pmatrix}
                        7776.000 & 3125.000 & 1024.000 & 243.000 & 32.000 & 1.000\\
                        0.000 & 104.167 & 85.333 & 40.500 & 10.667 & 0.833\\
                        0.000 & 0.000 & 2.631 & 3.780 & 2.773 & 0.911\\
                        0.000 & 0.000 & 4.267 & 5.400 & 3.200 & 0.667\\
                        0.000 & 0.000 & 1.089 & 1.806 & 1.710 & 0.979\\
                        0.000 & 0.000 & 0.378 & 0.736 & 0.935 & 0.995\\
                     \end{pmatrix}
                  =
               \]
               \[
                     \begin{pmatrix}
                        7776.000 & 3125.000 & 1024.000 & 243.000 & 32.000 & 1.000\\
                        1296.000 & 625.000 & 256.000 & 81.000 & 16.000 & 1.000\\
                        36.000 & 25.000 & 16.000 & 9.000 & 4.000 & 1.000\\
                        216.000 & 125.000 & 64.000 & 27.000 & 8.000 & 1.000\\
                        6.000 & 5.000 & 4.000 & 3.000 & 2.000 & 1.000\\
                        1.000 & 1.000 & 1.000 & 1.000 & 1.000 & 1.000\\
                     \end{pmatrix}
               \]
               $
               \underline{\underline{P}}_{1}
               \underline{\underline{A}}_{1}
               =
               $
               \[
                     \begin{pmatrix}
                        0.000 & 0.000 & 0.000 & 0.000 & 0.000 & 1.000\\
                        0.000 & 0.000 & 0.000 & 0.000 & 1.000 & 0.000\\
                        0.000 & 0.000 & 1.000 & 0.000 & 0.000 & 0.000\\
                        0.000 & 0.000 & 0.000 & 1.000 & 0.000 & 0.000\\
                        0.000 & 1.000 & 0.000 & 0.000 & 0.000 & 0.000\\
                        1.000 & 0.000 & 0.000 & 0.000 & 0.000 & 0.000\\
                     \end{pmatrix}
                     \begin{pmatrix}
                        7776.000 & 3125.000 & 1024.000 & 243.000 & 32.000 & 1.000\\
                        1296.000 & 625.000 & 256.000 & 81.000 & 16.000 & 1.000\\
                        36.000 & 25.000 & 16.000 & 9.000 & 4.000 & 1.000\\
                        216.000 & 125.000 & 64.000 & 27.000 & 8.000 & 1.000\\
                        6.000 & 5.000 & 4.000 & 3.000 & 2.000 & 1.000\\
                        1.000 & 1.000 & 1.000 & 1.000 & 1.000 & 1.000\\
                     \end{pmatrix}
                  =
               \]
               \[
                     \begin{pmatrix}
                        1.000 & 1.000 & 1.000 & 1.000 & 1.000 & 1.000\\
                        6.000 & 5.000 & 4.000 & 3.000 & 2.000 & 1.000\\
                        36.000 & 25.000 & 16.000 & 9.000 & 4.000 & 1.000\\
                        216.000 & 125.000 & 64.000 & 27.000 & 8.000 & 1.000\\
                        1296.000 & 625.000 & 256.000 & 81.000 & 16.000 & 1.000\\
                        7776.000 & 3125.000 & 1024.000 & 243.000 & 32.000 & 1.000\\
                     \end{pmatrix}
               \]
      \item
         Iteration $i=2$:

               $
               \underline{\underline{L}}_{2}
               =
               \underline{\underline{L}}'_{2,3}
               \underline{\underline{L}}'_{2,4}
               \underline{\underline{L}}'_{2,5}
               =
               $
                  \[
                        \begin{pmatrix}
                           1.000 & 0.000 & 0.000 & 0.000 & 0.000 & 0.000\\
                           0.000 & 1.000 & 0.000 & 0.000 & 0.000 & 0.000\\
                           0.000 & 0.000 & 1.000 & 0.000 & 0.000 & 0.000\\
                           0.000 & 0.000 & 0.617 & 1.000 & 0.000 & 0.000\\
                           0.000 & 0.000 & 0.000 & 0.000 & 1.000 & 0.000\\
                           0.000 & 0.000 & 0.000 & 0.000 & 0.000 & 1.000\\
                        \end{pmatrix}
                        *
                        \begin{pmatrix}
                           1.000 & 0.000 & 0.000 & 0.000 & 0.000 & 0.000\\
                           0.000 & 1.000 & 0.000 & 0.000 & 0.000 & 0.000\\
                           0.000 & 0.000 & 1.000 & 0.000 & 0.000 & 0.000\\
                           0.000 & 0.000 & 0.000 & 1.000 & 0.000 & 0.000\\
                           0.000 & 0.000 & 0.089 & 0.000 & 1.000 & 0.000\\
                           0.000 & 0.000 & 0.000 & 0.000 & 0.000 & 1.000\\
                        \end{pmatrix}
                        *
                  \]
                  \[
                        \begin{pmatrix}
                           1.000 & 0.000 & 0.000 & 0.000 & 0.000 & 0.000\\
                           0.000 & 1.000 & 0.000 & 0.000 & 0.000 & 0.000\\
                           0.000 & 0.000 & 1.000 & 0.000 & 0.000 & 0.000\\
                           0.000 & 0.000 & 0.000 & 1.000 & 0.000 & 0.000\\
                           0.000 & 0.000 & 0.000 & 0.000 & 1.000 & 0.000\\
                           0.000 & 0.000 & 0.255 & 0.000 & 0.000 & 1.000\\
                        \end{pmatrix}
                        =
                  \]
                  \[
                     \begin{pmatrix}
                        1.000 & 0.000 & 0.000 & 0.000 & 0.000 & 0.000\\
                        0.000 & 1.000 & 0.000 & 0.000 & 0.000 & 0.000\\
                        0.000 & 0.000 & 1.000 & 0.000 & 0.000 & 0.000\\
                        0.000 & 0.000 & 0.617 & 1.000 & 0.000 & 0.000\\
                        0.000 & 0.000 & 0.089 & 0.000 & 1.000 & 0.000\\
                        0.000 & 0.000 & 0.255 & 0.000 & 0.000 & 1.000\\
                     \end{pmatrix}
                  \]
               $
               \underline{\underline{P}}_{2}
               =
               $
               \[
                     \begin{pmatrix}
                        0.000 & 0.000 & 0.000 & 0.000 & 0.000 & 1.000\\
                        0.000 & 0.000 & 0.000 & 0.000 & 1.000 & 0.000\\
                        0.000 & 0.000 & 0.000 & 1.000 & 0.000 & 0.000\\
                        0.000 & 0.000 & 1.000 & 0.000 & 0.000 & 0.000\\
                        0.000 & 1.000 & 0.000 & 0.000 & 0.000 & 0.000\\
                        1.000 & 0.000 & 0.000 & 0.000 & 0.000 & 0.000\\
                     \end{pmatrix}
               \]
               $
               \underline{\underline{L}}_{2}
               =
               $
               \[
                     \begin{pmatrix}
                        1.000 & 0.000 & 0.000 & 0.000 & 0.000 & 0.000\\
                        0.167 & 1.000 & 0.000 & 0.000 & 0.000 & 0.000\\
                        0.028 & 0.367 & 1.000 & 0.000 & 0.000 & 0.000\\
                        0.005 & 0.101 & 0.617 & 1.000 & 0.000 & 0.000\\
                        0.001 & 0.025 & 0.255 & 0.000 & 1.000 & 0.000\\
                        0.000 & 0.006 & 0.089 & 0.000 & 0.000 & 1.000\\
                     \end{pmatrix}
               \]
               $
               \underline{\underline{U}}_{2}
               =
               $
               \[
                     \begin{pmatrix}
                        7776.000 & 3125.000 & 1024.000 & 243.000 & 32.000 & 1.000\\
                        0.000 & 104.167 & 85.333 & 40.500 & 10.667 & 0.833\\
                        0.000 & 0.000 & 4.267 & 5.400 & 3.200 & 0.667\\
                        0.000 & 0.000 & 0.000 & 0.450 & 0.800 & 0.500\\
                        0.000 & 0.000 & 0.000 & 0.428 & 0.893 & 0.808\\
                        0.000 & 0.000 & 0.000 & 0.257 & 0.651 & 0.936\\
                     \end{pmatrix}
               \]
               $
               \underline{\underline{A}}_{2}
               =
               \underline{\underline{L}}_{2}
               \underline{\underline{U}}_{2}
               =
               $
               \[
                     \begin{pmatrix}
                        1.000 & 0.000 & 0.000 & 0.000 & 0.000 & 0.000\\
                        0.167 & 1.000 & 0.000 & 0.000 & 0.000 & 0.000\\
                        0.028 & 0.367 & 1.000 & 0.000 & 0.000 & 0.000\\
                        0.005 & 0.101 & 0.617 & 1.000 & 0.000 & 0.000\\
                        0.001 & 0.025 & 0.255 & 0.000 & 1.000 & 0.000\\
                        0.000 & 0.006 & 0.089 & 0.000 & 0.000 & 1.000\\
                     \end{pmatrix}
                     \begin{pmatrix}
                        7776.000 & 3125.000 & 1024.000 & 243.000 & 32.000 & 1.000\\
                        0.000 & 104.167 & 85.333 & 40.500 & 10.667 & 0.833\\
                        0.000 & 0.000 & 4.267 & 5.400 & 3.200 & 0.667\\
                        0.000 & 0.000 & 0.000 & 0.450 & 0.800 & 0.500\\
                        0.000 & 0.000 & 0.000 & 0.428 & 0.893 & 0.808\\
                        0.000 & 0.000 & 0.000 & 0.257 & 0.651 & 0.936\\
                     \end{pmatrix}
                  =
               \]
               \[
                     \begin{pmatrix}
                        7776.000 & 3125.000 & 1024.000 & 243.000 & 32.000 & 1.000\\
                        1296.000 & 625.000 & 256.000 & 81.000 & 16.000 & 1.000\\
                        216.000 & 125.000 & 64.000 & 27.000 & 8.000 & 1.000\\
                        36.000 & 25.000 & 16.000 & 9.000 & 4.000 & 1.000\\
                        6.000 & 5.000 & 4.000 & 3.000 & 2.000 & 1.000\\
                        1.000 & 1.000 & 1.000 & 1.000 & 1.000 & 1.000\\
                     \end{pmatrix}
               \]
               $
               \underline{\underline{P}}_{2}
               \underline{\underline{A}}_{2}
               =
               $
               \[
                     \begin{pmatrix}
                        0.000 & 0.000 & 0.000 & 0.000 & 0.000 & 1.000\\
                        0.000 & 0.000 & 0.000 & 0.000 & 1.000 & 0.000\\
                        0.000 & 0.000 & 0.000 & 1.000 & 0.000 & 0.000\\
                        0.000 & 0.000 & 1.000 & 0.000 & 0.000 & 0.000\\
                        0.000 & 1.000 & 0.000 & 0.000 & 0.000 & 0.000\\
                        1.000 & 0.000 & 0.000 & 0.000 & 0.000 & 0.000\\
                     \end{pmatrix}
                     \begin{pmatrix}
                        7776.000 & 3125.000 & 1024.000 & 243.000 & 32.000 & 1.000\\
                        1296.000 & 625.000 & 256.000 & 81.000 & 16.000 & 1.000\\
                        216.000 & 125.000 & 64.000 & 27.000 & 8.000 & 1.000\\
                        36.000 & 25.000 & 16.000 & 9.000 & 4.000 & 1.000\\
                        6.000 & 5.000 & 4.000 & 3.000 & 2.000 & 1.000\\
                        1.000 & 1.000 & 1.000 & 1.000 & 1.000 & 1.000\\
                     \end{pmatrix}
                  =
               \]
               \[
                     \begin{pmatrix}
                        1.000 & 1.000 & 1.000 & 1.000 & 1.000 & 1.000\\
                        6.000 & 5.000 & 4.000 & 3.000 & 2.000 & 1.000\\
                        36.000 & 25.000 & 16.000 & 9.000 & 4.000 & 1.000\\
                        216.000 & 125.000 & 64.000 & 27.000 & 8.000 & 1.000\\
                        1296.000 & 625.000 & 256.000 & 81.000 & 16.000 & 1.000\\
                        7776.000 & 3125.000 & 1024.000 & 243.000 & 32.000 & 1.000\\
                     \end{pmatrix}
               \]
      \item
         Iteration $i=3$:

               $
               \underline{\underline{L}}_{3}
               =
               \underline{\underline{L}}'_{3,4}
               \underline{\underline{L}}'_{3,5}
               =
               $
                  \[
                        \begin{pmatrix}
                           1.000 & 0.000 & 0.000 & 0.000 & 0.000 & 0.000\\
                           0.000 & 1.000 & 0.000 & 0.000 & 0.000 & 0.000\\
                           0.000 & 0.000 & 1.000 & 0.000 & 0.000 & 0.000\\
                           0.000 & 0.000 & 0.000 & 1.000 & 0.000 & 0.000\\
                           0.000 & 0.000 & 0.000 & 0.572 & 1.000 & 0.000\\
                           0.000 & 0.000 & 0.000 & 0.000 & 0.000 & 1.000\\
                        \end{pmatrix}
                        *
                        \begin{pmatrix}
                           1.000 & 0.000 & 0.000 & 0.000 & 0.000 & 0.000\\
                           0.000 & 1.000 & 0.000 & 0.000 & 0.000 & 0.000\\
                           0.000 & 0.000 & 1.000 & 0.000 & 0.000 & 0.000\\
                           0.000 & 0.000 & 0.000 & 1.000 & 0.000 & 0.000\\
                           0.000 & 0.000 & 0.000 & 0.000 & 1.000 & 0.000\\
                           0.000 & 0.000 & 0.000 & 0.950 & 0.000 & 1.000\\
                        \end{pmatrix}
                        =
                  \]
                  \[
                     \begin{pmatrix}
                        1.000 & 0.000 & 0.000 & 0.000 & 0.000 & 0.000\\
                        0.000 & 1.000 & 0.000 & 0.000 & 0.000 & 0.000\\
                        0.000 & 0.000 & 1.000 & 0.000 & 0.000 & 0.000\\
                        0.000 & 0.000 & 0.000 & 1.000 & 0.000 & 0.000\\
                        0.000 & 0.000 & 0.000 & 0.572 & 1.000 & 0.000\\
                        0.000 & 0.000 & 0.000 & 0.950 & 0.000 & 1.000\\
                     \end{pmatrix}
                  \]
               $
               \underline{\underline{P}}_{3}
               =
               $
               \[
                     \begin{pmatrix}
                        0.000 & 0.000 & 0.000 & 0.000 & 0.000 & 1.000\\
                        0.000 & 0.000 & 0.000 & 0.000 & 1.000 & 0.000\\
                        0.000 & 0.000 & 0.000 & 1.000 & 0.000 & 0.000\\
                        0.000 & 0.000 & 1.000 & 0.000 & 0.000 & 0.000\\
                        0.000 & 1.000 & 0.000 & 0.000 & 0.000 & 0.000\\
                        1.000 & 0.000 & 0.000 & 0.000 & 0.000 & 0.000\\
                     \end{pmatrix}
               \]
               $
               \underline{\underline{L}}_{3}
               =
               $
               \[
                     \begin{pmatrix}
                        1.000 & 0.000 & 0.000 & 0.000 & 0.000 & 0.000\\
                        0.167 & 1.000 & 0.000 & 0.000 & 0.000 & 0.000\\
                        0.028 & 0.367 & 1.000 & 0.000 & 0.000 & 0.000\\
                        0.005 & 0.101 & 0.617 & 1.000 & 0.000 & 0.000\\
                        0.001 & 0.025 & 0.255 & 0.950 & 1.000 & 0.000\\
                        0.000 & 0.006 & 0.089 & 0.572 & 0.000 & 1.000\\
                     \end{pmatrix}
               \]
               $
               \underline{\underline{U}}_{3}
               =
               $
               \[
                     \begin{pmatrix}
                        7776.000 & 3125.000 & 1024.000 & 243.000 & 32.000 & 1.000\\
                        0.000 & 104.167 & 85.333 & 40.500 & 10.667 & 0.833\\
                        0.000 & 0.000 & 4.267 & 5.400 & 3.200 & 0.667\\
                        0.000 & 0.000 & 0.000 & 0.450 & 0.800 & 0.500\\
                        0.000 & 0.000 & 0.000 & 0.000 & 0.133 & 0.333\\
                        0.000 & 0.000 & 0.000 & 0.000 & 0.193 & 0.650\\
                     \end{pmatrix}
               \]
               $
               \underline{\underline{A}}_{3}
               =
               \underline{\underline{L}}_{3}
               \underline{\underline{U}}_{3}
               =
               $
               \[
                     \begin{pmatrix}
                        1.000 & 0.000 & 0.000 & 0.000 & 0.000 & 0.000\\
                        0.167 & 1.000 & 0.000 & 0.000 & 0.000 & 0.000\\
                        0.028 & 0.367 & 1.000 & 0.000 & 0.000 & 0.000\\
                        0.005 & 0.101 & 0.617 & 1.000 & 0.000 & 0.000\\
                        0.001 & 0.025 & 0.255 & 0.950 & 1.000 & 0.000\\
                        0.000 & 0.006 & 0.089 & 0.572 & 0.000 & 1.000\\
                     \end{pmatrix}
                     \begin{pmatrix}
                        7776.000 & 3125.000 & 1024.000 & 243.000 & 32.000 & 1.000\\
                        0.000 & 104.167 & 85.333 & 40.500 & 10.667 & 0.833\\
                        0.000 & 0.000 & 4.267 & 5.400 & 3.200 & 0.667\\
                        0.000 & 0.000 & 0.000 & 0.450 & 0.800 & 0.500\\
                        0.000 & 0.000 & 0.000 & 0.000 & 0.133 & 0.333\\
                        0.000 & 0.000 & 0.000 & 0.000 & 0.193 & 0.650\\
                     \end{pmatrix}
                  =
               \]
               \[
                     \begin{pmatrix}
                        7776.000 & 3125.000 & 1024.000 & 243.000 & 32.000 & 1.000\\
                        1296.000 & 625.000 & 256.000 & 81.000 & 16.000 & 1.000\\
                        216.000 & 125.000 & 64.000 & 27.000 & 8.000 & 1.000\\
                        36.000 & 25.000 & 16.000 & 9.000 & 4.000 & 1.000\\
                        6.000 & 5.000 & 4.000 & 3.000 & 2.000 & 1.000\\
                        1.000 & 1.000 & 1.000 & 1.000 & 1.000 & 1.000\\
                     \end{pmatrix}
               \]
               $
               \underline{\underline{P}}_{3}
               \underline{\underline{A}}_{3}
               =
               $
               \[
                     \begin{pmatrix}
                        0.000 & 0.000 & 0.000 & 0.000 & 0.000 & 1.000\\
                        0.000 & 0.000 & 0.000 & 0.000 & 1.000 & 0.000\\
                        0.000 & 0.000 & 0.000 & 1.000 & 0.000 & 0.000\\
                        0.000 & 0.000 & 1.000 & 0.000 & 0.000 & 0.000\\
                        0.000 & 1.000 & 0.000 & 0.000 & 0.000 & 0.000\\
                        1.000 & 0.000 & 0.000 & 0.000 & 0.000 & 0.000\\
                     \end{pmatrix}
                     \begin{pmatrix}
                        7776.000 & 3125.000 & 1024.000 & 243.000 & 32.000 & 1.000\\
                        1296.000 & 625.000 & 256.000 & 81.000 & 16.000 & 1.000\\
                        216.000 & 125.000 & 64.000 & 27.000 & 8.000 & 1.000\\
                        36.000 & 25.000 & 16.000 & 9.000 & 4.000 & 1.000\\
                        6.000 & 5.000 & 4.000 & 3.000 & 2.000 & 1.000\\
                        1.000 & 1.000 & 1.000 & 1.000 & 1.000 & 1.000\\
                     \end{pmatrix}
                  =
               \]
               \[
                     \begin{pmatrix}
                        1.000 & 1.000 & 1.000 & 1.000 & 1.000 & 1.000\\
                        6.000 & 5.000 & 4.000 & 3.000 & 2.000 & 1.000\\
                        36.000 & 25.000 & 16.000 & 9.000 & 4.000 & 1.000\\
                        216.000 & 125.000 & 64.000 & 27.000 & 8.000 & 1.000\\
                        1296.000 & 625.000 & 256.000 & 81.000 & 16.000 & 1.000\\
                        7776.000 & 3125.000 & 1024.000 & 243.000 & 32.000 & 1.000\\
                     \end{pmatrix}
               \]
      \item
         Iteration $i=4$:

               $
               \underline{\underline{L}}_{4}
               =
               \underline{\underline{L}}'_{4,5}
               =
               $
                  \[
                        \begin{pmatrix}
                           1.000 & 0.000 & 0.000 & 0.000 & 0.000 & 0.000\\
                           0.000 & 1.000 & 0.000 & 0.000 & 0.000 & 0.000\\
                           0.000 & 0.000 & 1.000 & 0.000 & 0.000 & 0.000\\
                           0.000 & 0.000 & 0.000 & 1.000 & 0.000 & 0.000\\
                           0.000 & 0.000 & 0.000 & 0.000 & 1.000 & 0.000\\
                           0.000 & 0.000 & 0.000 & 0.000 & 0.690 & 1.000\\
                        \end{pmatrix}
                        =
                  \]
               $
               \underline{\underline{P}}_{4}
               =
               $
               \[
                     \begin{pmatrix}
                        0.000 & 0.000 & 0.000 & 0.000 & 1.000 & 0.000\\
                        0.000 & 0.000 & 0.000 & 0.000 & 0.000 & 1.000\\
                        0.000 & 0.000 & 0.000 & 1.000 & 0.000 & 0.000\\
                        0.000 & 0.000 & 1.000 & 0.000 & 0.000 & 0.000\\
                        0.000 & 1.000 & 0.000 & 0.000 & 0.000 & 0.000\\
                        1.000 & 0.000 & 0.000 & 0.000 & 0.000 & 0.000\\
                     \end{pmatrix}
               \]
               $
               \underline{\underline{L}}_{4}
               =
               $
               \[
                     \begin{pmatrix}
                        1.000 & 0.000 & 0.000 & 0.000 & 0.000 & 0.000\\
                        0.167 & 1.000 & 0.000 & 0.000 & 0.000 & 0.000\\
                        0.028 & 0.367 & 1.000 & 0.000 & 0.000 & 0.000\\
                        0.005 & 0.101 & 0.617 & 1.000 & 0.000 & 0.000\\
                        0.000 & 0.006 & 0.089 & 0.572 & 1.000 & 0.000\\
                        0.001 & 0.025 & 0.255 & 0.950 & 0.690 & 1.000\\
                     \end{pmatrix}
               \]
               $
               \underline{\underline{U}}_{4}
               =
               $
               \[
                     \begin{pmatrix}
                        7776.000 & 3125.000 & 1024.000 & 243.000 & 32.000 & 1.000\\
                        0.000 & 104.167 & 85.333 & 40.500 & 10.667 & 0.833\\
                        0.000 & 0.000 & 4.267 & 5.400 & 3.200 & 0.667\\
                        0.000 & 0.000 & 0.000 & 0.450 & 0.800 & 0.500\\
                        0.000 & 0.000 & 0.000 & 0.000 & 0.193 & 0.650\\
                        0.000 & 0.000 & 0.000 & 0.000 & 0.000 & -0.115\\
                     \end{pmatrix}
               \]
               $
               \underline{\underline{A}}_{4}
               =
               \underline{\underline{L}}_{4}
               \underline{\underline{U}}_{4}
               =
               $
               \[
                     \begin{pmatrix}
                        1.000 & 0.000 & 0.000 & 0.000 & 0.000 & 0.000\\
                        0.167 & 1.000 & 0.000 & 0.000 & 0.000 & 0.000\\
                        0.028 & 0.367 & 1.000 & 0.000 & 0.000 & 0.000\\
                        0.005 & 0.101 & 0.617 & 1.000 & 0.000 & 0.000\\
                        0.000 & 0.006 & 0.089 & 0.572 & 1.000 & 0.000\\
                        0.001 & 0.025 & 0.255 & 0.950 & 0.690 & 1.000\\
                     \end{pmatrix}
                     \begin{pmatrix}
                        7776.000 & 3125.000 & 1024.000 & 243.000 & 32.000 & 1.000\\
                        0.000 & 104.167 & 85.333 & 40.500 & 10.667 & 0.833\\
                        0.000 & 0.000 & 4.267 & 5.400 & 3.200 & 0.667\\
                        0.000 & 0.000 & 0.000 & 0.450 & 0.800 & 0.500\\
                        0.000 & 0.000 & 0.000 & 0.000 & 0.193 & 0.650\\
                        0.000 & 0.000 & 0.000 & 0.000 & 0.000 & -0.115\\
                     \end{pmatrix}
                  =
               \]
               \[
                     \begin{pmatrix}
                        7776.000 & 3125.000 & 1024.000 & 243.000 & 32.000 & 1.000\\
                        1296.000 & 625.000 & 256.000 & 81.000 & 16.000 & 1.000\\
                        216.000 & 125.000 & 64.000 & 27.000 & 8.000 & 1.000\\
                        36.000 & 25.000 & 16.000 & 9.000 & 4.000 & 1.000\\
                        1.000 & 1.000 & 1.000 & 1.000 & 1.000 & 1.000\\
                        6.000 & 5.000 & 4.000 & 3.000 & 2.000 & 1.000\\
                     \end{pmatrix}
               \]
               $
               \underline{\underline{P}}_{4}
               \underline{\underline{A}}_{4}
               =
               $
               \[
                     \begin{pmatrix}
                        0.000 & 0.000 & 0.000 & 0.000 & 1.000 & 0.000\\
                        0.000 & 0.000 & 0.000 & 0.000 & 0.000 & 1.000\\
                        0.000 & 0.000 & 0.000 & 1.000 & 0.000 & 0.000\\
                        0.000 & 0.000 & 1.000 & 0.000 & 0.000 & 0.000\\
                        0.000 & 1.000 & 0.000 & 0.000 & 0.000 & 0.000\\
                        1.000 & 0.000 & 0.000 & 0.000 & 0.000 & 0.000\\
                     \end{pmatrix}
                     \begin{pmatrix}
                        7776.000 & 3125.000 & 1024.000 & 243.000 & 32.000 & 1.000\\
                        1296.000 & 625.000 & 256.000 & 81.000 & 16.000 & 1.000\\
                        216.000 & 125.000 & 64.000 & 27.000 & 8.000 & 1.000\\
                        36.000 & 25.000 & 16.000 & 9.000 & 4.000 & 1.000\\
                        1.000 & 1.000 & 1.000 & 1.000 & 1.000 & 1.000\\
                        6.000 & 5.000 & 4.000 & 3.000 & 2.000 & 1.000\\
                     \end{pmatrix}
                  =
               \]
               \[
                     \begin{pmatrix}
                        1.000 & 1.000 & 1.000 & 1.000 & 1.000 & 1.000\\
                        6.000 & 5.000 & 4.000 & 3.000 & 2.000 & 1.000\\
                        36.000 & 25.000 & 16.000 & 9.000 & 4.000 & 1.000\\
                        216.000 & 125.000 & 64.000 & 27.000 & 8.000 & 1.000\\
                        1296.000 & 625.000 & 256.000 & 81.000 & 16.000 & 1.000\\
                        7776.000 & 3125.000 & 1024.000 & 243.000 & 32.000 & 1.000\\
                     \end{pmatrix}
               \]
      \end{enumerate}
   \textbf{Accumulated}:

      $
      \underline{\underline{L}}_{}
      =
      \underline{\underline{L}}_{0}
      \underline{\underline{L}}_{1}
      \underline{\underline{L}}_{2}
      \underline{\underline{L}}_{3}
      \underline{\underline{L}}_{4}
      =
      $
         \[
               \begin{pmatrix}
                  1.000 & 0.000 & 0.000 & 0.000 & 0.000 & 0.000\\
                  0.167 & 1.000 & 0.000 & 0.000 & 0.000 & 0.000\\
                  0.028 & 0.000 & 1.000 & 0.000 & 0.000 & 0.000\\
                  0.005 & 0.000 & 0.000 & 1.000 & 0.000 & 0.000\\
                  0.000 & 0.000 & 0.000 & 0.000 & 1.000 & 0.000\\
                  0.001 & 0.000 & 0.000 & 0.000 & 0.000 & 1.000\\
               \end{pmatrix}
               *
               \begin{pmatrix}
                  1.000 & 0.000 & 0.000 & 0.000 & 0.000 & 0.000\\
                  0.000 & 1.000 & 0.000 & 0.000 & 0.000 & 0.000\\
                  0.000 & 0.367 & 1.000 & 0.000 & 0.000 & 0.000\\
                  0.000 & 0.101 & 0.000 & 1.000 & 0.000 & 0.000\\
                  0.000 & 0.006 & 0.000 & 0.000 & 1.000 & 0.000\\
                  0.000 & 0.025 & 0.000 & 0.000 & 0.000 & 1.000\\
               \end{pmatrix}
               *
         \]
         \[
               \begin{pmatrix}
                  1.000 & 0.000 & 0.000 & 0.000 & 0.000 & 0.000\\
                  0.000 & 1.000 & 0.000 & 0.000 & 0.000 & 0.000\\
                  0.000 & 0.000 & 1.000 & 0.000 & 0.000 & 0.000\\
                  0.000 & 0.000 & 0.617 & 1.000 & 0.000 & 0.000\\
                  0.000 & 0.000 & 0.089 & 0.000 & 1.000 & 0.000\\
                  0.000 & 0.000 & 0.255 & 0.000 & 0.000 & 1.000\\
               \end{pmatrix}
               *
               \begin{pmatrix}
                  1.000 & 0.000 & 0.000 & 0.000 & 0.000 & 0.000\\
                  0.000 & 1.000 & 0.000 & 0.000 & 0.000 & 0.000\\
                  0.000 & 0.000 & 1.000 & 0.000 & 0.000 & 0.000\\
                  0.000 & 0.000 & 0.000 & 1.000 & 0.000 & 0.000\\
                  0.000 & 0.000 & 0.000 & 0.572 & 1.000 & 0.000\\
                  0.000 & 0.000 & 0.000 & 0.950 & 0.000 & 1.000\\
               \end{pmatrix}
               *
         \]
         \[
               \begin{pmatrix}
                  1.000 & 0.000 & 0.000 & 0.000 & 0.000 & 0.000\\
                  0.000 & 1.000 & 0.000 & 0.000 & 0.000 & 0.000\\
                  0.000 & 0.000 & 1.000 & 0.000 & 0.000 & 0.000\\
                  0.000 & 0.000 & 0.000 & 1.000 & 0.000 & 0.000\\
                  0.000 & 0.000 & 0.000 & 0.000 & 1.000 & 0.000\\
                  0.000 & 0.000 & 0.000 & 0.000 & 0.690 & 1.000\\
               \end{pmatrix}
               =
         \]
         \[
            \begin{pmatrix}
               1.000 & 0.000 & 0.000 & 0.000 & 0.000 & 0.000\\
               0.167 & 1.000 & 0.000 & 0.000 & 0.000 & 0.000\\
               0.028 & 0.367 & 1.000 & 0.000 & 0.000 & 0.000\\
               0.005 & 0.101 & 0.617 & 1.000 & 0.000 & 0.000\\
               0.000 & 0.006 & 0.089 & 0.572 & 1.000 & 0.000\\
               0.001 & 0.025 & 0.255 & 0.950 & 0.690 & 1.000\\
            \end{pmatrix}
         \]
   Results:
      \[
         \underline{\underline{P}}~
         =
            \begin{pmatrix}
               0.000 & 0.000 & 0.000 & 0.000 & 1.000 & 0.000\\
               0.000 & 0.000 & 0.000 & 0.000 & 0.000 & 1.000\\
               0.000 & 0.000 & 0.000 & 1.000 & 0.000 & 0.000\\
               0.000 & 0.000 & 1.000 & 0.000 & 0.000 & 0.000\\
               0.000 & 1.000 & 0.000 & 0.000 & 0.000 & 0.000\\
               1.000 & 0.000 & 0.000 & 0.000 & 0.000 & 0.000\\
            \end{pmatrix}
      \]
      \[
         \underline{\underline{L}}~
         =
            \begin{pmatrix}
               1.000 & 0.000 & 0.000 & 0.000 & 0.000 & 0.000\\
               0.167 & 1.000 & 0.000 & 0.000 & 0.000 & 0.000\\
               0.028 & 0.367 & 1.000 & 0.000 & 0.000 & 0.000\\
               0.005 & 0.101 & 0.617 & 1.000 & 0.000 & 0.000\\
               0.000 & 0.006 & 0.089 & 0.572 & 1.000 & 0.000\\
               0.001 & 0.025 & 0.255 & 0.950 & 0.690 & 1.000\\
            \end{pmatrix}
      \]
      \[
         \underline{\underline{U}}~
         =
            \begin{pmatrix}
               7776.000 & 3125.000 & 1024.000 & 243.000 & 32.000 & 1.000\\
               0.000 & 104.167 & 85.333 & 40.500 & 10.667 & 0.833\\
               0.000 & 0.000 & 4.267 & 5.400 & 3.200 & 0.667\\
               0.000 & 0.000 & 0.000 & 0.450 & 0.800 & 0.500\\
               0.000 & 0.000 & 0.000 & 0.000 & 0.193 & 0.650\\
               0.000 & 0.000 & 0.000 & 0.000 & 0.000 & -0.115\\
            \end{pmatrix}
      \]
      $
      \underline{\underline{L}}~\underline{\underline{U}}~
      =
      $
      \[
            \begin{pmatrix}
               1.000 & 0.000 & 0.000 & 0.000 & 0.000 & 0.000\\
               0.167 & 1.000 & 0.000 & 0.000 & 0.000 & 0.000\\
               0.028 & 0.367 & 1.000 & 0.000 & 0.000 & 0.000\\
               0.005 & 0.101 & 0.617 & 1.000 & 0.000 & 0.000\\
               0.000 & 0.006 & 0.089 & 0.572 & 1.000 & 0.000\\
               0.001 & 0.025 & 0.255 & 0.950 & 0.690 & 1.000\\
            \end{pmatrix}
            \begin{pmatrix}
               7776.000 & 3125.000 & 1024.000 & 243.000 & 32.000 & 1.000\\
               0.000 & 104.167 & 85.333 & 40.500 & 10.667 & 0.833\\
               0.000 & 0.000 & 4.267 & 5.400 & 3.200 & 0.667\\
               0.000 & 0.000 & 0.000 & 0.450 & 0.800 & 0.500\\
               0.000 & 0.000 & 0.000 & 0.000 & 0.193 & 0.650\\
               0.000 & 0.000 & 0.000 & 0.000 & 0.000 & -0.115\\
            \end{pmatrix}
         =
      \]
      \[
            \begin{pmatrix}
               7776.000 & 3125.000 & 1024.000 & 243.000 & 32.000 & 1.000\\
               1296.000 & 625.000 & 256.000 & 81.000 & 16.000 & 1.000\\
               216.000 & 125.000 & 64.000 & 27.000 & 8.000 & 1.000\\
               36.000 & 25.000 & 16.000 & 9.000 & 4.000 & 1.000\\
               1.000 & 1.000 & 1.000 & 1.000 & 1.000 & 1.000\\
               6.000 & 5.000 & 4.000 & 3.000 & 2.000 & 1.000\\
            \end{pmatrix}
      \]
      $
      \underline{\underline{A}}~'
      =
      \underline{\underline{P}}~(\underline{\underline{L}}~\underline{\underline{U}}~)
      =
      $
      \[
            \begin{pmatrix}
               0.000 & 0.000 & 0.000 & 0.000 & 1.000 & 0.000\\
               0.000 & 0.000 & 0.000 & 0.000 & 0.000 & 1.000\\
               0.000 & 0.000 & 0.000 & 1.000 & 0.000 & 0.000\\
               0.000 & 0.000 & 1.000 & 0.000 & 0.000 & 0.000\\
               0.000 & 1.000 & 0.000 & 0.000 & 0.000 & 0.000\\
               1.000 & 0.000 & 0.000 & 0.000 & 0.000 & 0.000\\
            \end{pmatrix}
            \begin{pmatrix}
               7776.000 & 3125.000 & 1024.000 & 243.000 & 32.000 & 1.000\\
               1296.000 & 625.000 & 256.000 & 81.000 & 16.000 & 1.000\\
               216.000 & 125.000 & 64.000 & 27.000 & 8.000 & 1.000\\
               36.000 & 25.000 & 16.000 & 9.000 & 4.000 & 1.000\\
               1.000 & 1.000 & 1.000 & 1.000 & 1.000 & 1.000\\
               6.000 & 5.000 & 4.000 & 3.000 & 2.000 & 1.000\\
            \end{pmatrix}
         =
      \]
      \[
            \begin{pmatrix}
               1.000 & 1.000 & 1.000 & 1.000 & 1.000 & 1.000\\
               6.000 & 5.000 & 4.000 & 3.000 & 2.000 & 1.000\\
               36.000 & 25.000 & 16.000 & 9.000 & 4.000 & 1.000\\
               216.000 & 125.000 & 64.000 & 27.000 & 8.000 & 1.000\\
               1296.000 & 625.000 & 256.000 & 81.000 & 16.000 & 1.000\\
               7776.000 & 3125.000 & 1024.000 & 243.000 & 32.000 & 1.000\\
            \end{pmatrix}
      \]
      $
      \underline{\underline{R}}~
      =
      \underline{\underline{A}}~-
      \underline{\underline{P}}~\underline{\underline{L}}~\underline{\underline{U}}~
      =
      $
      \[
            \begin{pmatrix}
               1.000 & 1.000 & 1.000 & 1.000 & 1.000 & 1.000\\
               6.000 & 5.000 & 4.000 & 3.000 & 2.000 & 1.000\\
               36.000 & 25.000 & 16.000 & 9.000 & 4.000 & 1.000\\
               216.000 & 125.000 & 64.000 & 27.000 & 8.000 & 1.000\\
               1296.000 & 625.000 & 256.000 & 81.000 & 16.000 & 1.000\\
               7776.000 & 3125.000 & 1024.000 & 243.000 & 32.000 & 1.000\\
            \end{pmatrix}
         -
            \begin{pmatrix}
               1.000 & 1.000 & 1.000 & 1.000 & 1.000 & 1.000\\
               6.000 & 5.000 & 4.000 & 3.000 & 2.000 & 1.000\\
               36.000 & 25.000 & 16.000 & 9.000 & 4.000 & 1.000\\
               216.000 & 125.000 & 64.000 & 27.000 & 8.000 & 1.000\\
               1296.000 & 625.000 & 256.000 & 81.000 & 16.000 & 1.000\\
               7776.000 & 3125.000 & 1024.000 & 243.000 & 32.000 & 1.000\\
            \end{pmatrix}
         =
      \]
      \[
            \begin{pmatrix}
               0.00E+00 & 0.00E+00 & 1.11E-16 & 0.00E+00 & 0.00E+00 & 0.00E+00\\
               0.00E+00 & 0.00E+00 & 0.00E+00 & 0.00E+00 & 0.00E+00 & 0.00E+00\\
               0.00E+00 & 0.00E+00 & 0.00E+00 & 0.00E+00 & 0.00E+00 & 0.00E+00\\
               0.00E+00 & 0.00E+00 & 0.00E+00 & 0.00E+00 & 0.00E+00 & 0.00E+00\\
               0.00E+00 & 0.00E+00 & 0.00E+00 & 0.00E+00 & 0.00E+00 & 0.00E+00\\
               0.00E+00 & 0.00E+00 & 0.00E+00 & 0.00E+00 & 0.00E+00 & 0.00E+00\\
            \end{pmatrix}
      \]
      Residual: $||\underline{\underline{R}}~||=1.294527E-20$.

\end{small}
